# JRE version: Java(TM) SE Runtime Environment (17.0.1+12) (build 17.0.1+12-LTS-39)
# Java VM: Java HotSpot(TM) 64-Bit Server VM (17.0.1+12-LTS-39, mixed mode, sharing, tiered, compressed oops, compressed class ptrs, g1 gc, windows-amd64)
GC Precious Log:
 CPUs: 4 total, 4 available
 Memory: 8077M
 Large Page Support: Disabled
 NUMA Support: Disabled
 Compressed Oops: Enabled (32-bit)
 Heap Region Size: 1M
 Heap Min Capacity: 8M
 Heap Initial Capacity: 8M
 Heap Max Capacity: 2020M
 Pre-touch: Disabled
 Parallel Workers: 4
 Concurrent Workers: 1
 Concurrent Refinement Workers: 4
 Periodic GC: Disabled
Heap:
 garbage-first heap   total 17408K, used 6340K [0x0000000081c00000, 0x0000000100000000)
  region size 1024K, 2 young (2048K), 1 survivors (1024K)
 Metaspace       used 8378K, committed 8640K, reserved 1064960K
  class space    used 967K, committed 1088K, reserved 1048576K
GC Heap History (20 events):
Event: 0.269 GC heap before
{Heap before GC invocations=0 (full 0):
 garbage-first heap   total 8192K, used 2048K [0x0000000081c00000, 0x0000000100000000)
  region size 1024K, 3 young (3072K), 0 survivors (0K)
 Metaspace       used 2919K, committed 3072K, reserved 1056768K
  class space    used 381K, committed 448K, reserved 1048576K
}
Event: 0.272 GC heap after
{Heap after GC invocations=1 (full 0):
 garbage-first heap   total 8192K, used 1172K [0x0000000081c00000, 0x0000000100000000)
  region size 1024K, 1 young (1024K), 1 survivors (1024K)
 Metaspace       used 2919K, committed 3072K, reserved 1056768K
  class space    used 381K, committed 448K, reserved 1048576K
}
Event: 0.354 GC heap before
{Heap before GC invocations=1 (full 0):
 garbage-first heap   total 8192K, used 1172K [0x0000000081c00000, 0x0000000100000000)
  region size 1024K, 2 young (2048K), 1 survivors (1024K)
 Metaspace       used 5259K, committed 5440K, reserved 1056768K
  class space    used 645K, committed 768K, reserved 1048576K
}
Event: 0.356 GC heap after
{Heap after GC invocations=2 (full 0):
 garbage-first heap   total 8192K, used 1740K [0x0000000081c00000, 0x0000000100000000)
  region size 1024K, 1 young (1024K), 1 survivors (1024K)
 Metaspace       used 5259K, committed 5440K, reserved 1056768K
  class space    used 645K, committed 768K, reserved 1048576K
}
Event: 0.422 GC heap before
{Heap before GC invocations=2 (full 0):
 garbage-first heap   total 8192K, used 2764K [0x0000000081c00000, 0x0000000100000000)
  region size 1024K, 2 young (2048K), 1 survivors (1024K)
 Metaspace       used 6652K, committed 6848K, reserved 1064960K
  class space    used 803K, committed 896K, reserved 1048576K
}
Event: 0.424 GC heap after
{Heap after GC invocations=3 (full 0):
 garbage-first heap   total 8192K, used 2161K [0x0000000081c00000, 0x0000000100000000)
  region size 1024K, 1 young (1024K), 1 survivors (1024K)
 Metaspace       used 6652K, committed 6848K, reserved 1064960K
  class space    used 803K, committed 896K, reserved 1048576K
}
Event: 0.485 GC heap before
{Heap before GC invocations=3 (full 0):
 garbage-first heap   total 8192K, used 3185K [0x0000000081c00000, 0x0000000100000000)
  region size 1024K, 2 young (2048K), 1 survivors (1024K)
 Metaspace       used 7566K, committed 7744K, reserved 1064960K
  class space    used 883K, committed 960K, reserved 1048576K
}
Event: 0.487 GC heap after
{Heap after GC invocations=4 (full 0):
 garbage-first heap   total 8192K, used 2435K [0x0000000081c00000, 0x0000000100000000)
  region size 1024K, 1 young (1024K), 1 survivors (1024K)
 Metaspace       used 7566K, committed 7744K, reserved 1064960K
  class space    used 883K, committed 960K, reserved 1048576K
}
Event: 0.528 GC heap before
{Heap before GC invocations=4 (full 0):
 garbage-first heap   total 8192K, used 3459K [0x0000000081c00000, 0x0000000100000000)
  region size 1024K, 2 young (2048K), 1 survivors (1024K)
 Metaspace       used 7798K, committed 8000K, reserved 1064960K
  class space    used 909K, committed 1024K, reserved 1048576K
}
Event: 0.530 GC heap after
{Heap after GC invocations=5 (full 0):
 garbage-first heap   total 10240K, used 2902K [0x0000000081c00000, 0x0000000100000000)
  region size 1024K, 1 young (1024K), 1 survivors (1024K)
 Metaspace       used 7798K, committed 8000K, reserved 1064960K
  class space    used 909K, committed 1024K, reserved 1048576K
}
Event: 0.578 GC heap before
{Heap before GC invocations=5 (full 0):
 garbage-first heap   total 10240K, used 4950K [0x0000000081c00000, 0x0000000100000000)
  region size 1024K, 3 young (3072K), 1 survivors (1024K)
 Metaspace       used 8026K, committed 8192K, reserved 1064960K
  class space    used 941K, committed 1024K, reserved 1048576K
}
Event: 0.580 GC heap after
{Heap after GC invocations=6 (full 0):
 garbage-first heap   total 10240K, used 3400K [0x0000000081c00000, 0x0000000100000000)
  region size 1024K, 1 young (1024K), 1 survivors (1024K)
 Metaspace       used 8026K, committed 8192K, reserved 1064960K
  class space    used 941K, committed 1024K, reserved 1048576K
}
Event: 0.625 GC heap before
{Heap before GC invocations=6 (full 0):
 garbage-first heap   total 10240K, used 5448K [0x0000000081c00000, 0x0000000100000000)
  region size 1024K, 3 young (3072K), 1 survivors (1024K)
 Metaspace       used 8139K, committed 8320K, reserved 1064960K
  class space    used 950K, committed 1024K, reserved 1048576K
}
Event: 0.628 GC heap after
{Heap after GC invocations=7 (full 0):
 garbage-first heap   total 10240K, used 3640K [0x0000000081c00000, 0x0000000100000000)
  region size 1024K, 1 young (1024K), 1 survivors (1024K)
 Metaspace       used 8139K, committed 8320K, reserved 1064960K
  class space    used 950K, committed 1024K, reserved 1048576K
}
Event: 0.652 GC heap before
{Heap before GC invocations=7 (full 0):
 garbage-first heap   total 10240K, used 5688K [0x0000000081c00000, 0x0000000100000000)
  region size 1024K, 3 young (3072K), 1 survivors (1024K)
 Metaspace       used 8206K, committed 8448K, reserved 1064960K
  class space    used 958K, committed 1088K, reserved 1048576K
}
Event: 0.654 GC heap after
{Heap after GC invocations=8 (full 0):
 garbage-first heap   total 10240K, used 3985K [0x0000000081c00000, 0x0000000100000000)
  region size 1024K, 1 young (1024K), 1 survivors (1024K)
 Metaspace       used 8206K, committed 8448K, reserved 1064960K
  class space    used 958K, committed 1088K, reserved 1048576K
}
Event: 0.713 GC heap before
{Heap before GC invocations=8 (full 0):
 garbage-first heap   total 10240K, used 6033K [0x0000000081c00000, 0x0000000100000000)
  region size 1024K, 3 young (3072K), 1 survivors (1024K)
 Metaspace       used 8313K, committed 8512K, reserved 1064960K
  class space    used 965K, committed 1088K, reserved 1048576K
}
Event: 0.715 GC heap after
{Heap after GC invocations=9 (full 0):
 garbage-first heap   total 17408K, used 4510K [0x0000000081c00000, 0x0000000100000000)
  region size 1024K, 1 young (1024K), 1 survivors (1024K)
 Metaspace       used 8313K, committed 8512K, reserved 1064960K
  class space    used 965K, committed 1088K, reserved 1048576K
}
Event: 0.754 GC heap before
{Heap before GC invocations=9 (full 0):
 garbage-first heap   total 17408K, used 8606K [0x0000000081c00000, 0x0000000100000000)
  region size 1024K, 6 young (6144K), 1 survivors (1024K)
 Metaspace       used 8324K, committed 8512K, reserved 1064960K
  class space    used 965K, committed 1088K, reserved 1048576K
}
Event: 0.758 GC heap after
{Heap after GC invocations=10 (full 0):
 garbage-first heap   total 17408K, used 5206K [0x0000000081c00000, 0x0000000100000000)
  region size 1024K, 1 young (1024K), 1 survivors (1024K)
 Metaspace       used 8324K, committed 8512K, reserved 1064960K
  class space    used 965K, committed 1088K, reserved 1048576K
}

